May 30, 2014 9:16:37 PM oracle.mds
NOTIFICATION: PManager instance is created without multitenancy support as JVM flag "oracle.multitenant.enabled" is not set to enable multitenancy support.
May 30, 2014 9:16:37 PM oracle.security.jps.internal.config.xml.XmlConfigurationFactory initDefaultConfiguration
SEVERE: java.io.FileNotFoundException: .\config\jps-config.xml (The system cannot find the path specified)
May 30, 2014 9:16:37 PM oracle.mds
NOTIFICATION: Auditing is disabled for component MDS.
May 30, 2014 9:16:37 PM oracle.fabric.common.wsdl.SchemaManager isIncrementalBuildSupported
INFO: XMLSchema incremental build enabled.
May 30, 2014 9:16:41 PM com.collaxa.cube.CubeLogger info
INFO: validating "BPELProcessGetData.bpel" ...
May 30, 2014 9:16:41 PM oracle.integration.platform.blocks.FabricConfigManager <clinit>
WARNING: JRF is unable to determine the current application server platform.
May 30, 2014 9:16:41 PM oracle.integration.platform.blocks.WLSPlatformConfigurationProvider <clinit>
WARNING: JRF is unable to determine the current application server platform.
May 30, 2014 9:16:42 PM com.collaxa.cube.CubeLogger info
INFO: Composed "BPELProcessGetData" in 64.8 milliseconds [nodes 9=0+9, 138.8 nodes/sec]
May 30, 2014 9:16:45 PM com.collaxa.cube.CubeLogger info
INFO: Compiled "BPELProcessGetData" in 3.639 seconds
May 30, 2014 9:16:45 PM com.collaxa.cube.CubeLogger info
INFO: Gathered 3 files in 1.1 milliseconds

May 30, 2014 9:16:45 PM com.collaxa.cube.CubeLogger info
INFO: Packaged "BPELProcessGetData" in 11.9 milliseconds

